<?xml version="1.0" encoding="UTF-8"?>
<testsuite xmlns:xsi="http://www.w3.org/2001/XMLSchema-instance" xsi:noNamespaceSchemaLocation="https://maven.apache.org/surefire/maven-surefire-plugin/xsd/surefire-test-report-3.0.xsd" version="3.0" name="com.example.runner.TestRunner" time="22.554" tests="1" errors="0" skipped="0" failures="0">
  <properties>
[...]
</properties>
  <testcase name="Open Google Website" classname="Selenide Test" time="22.004">
    <system-out><![CDATA[
Scenario: Open Google Website                                   &amp#27;[90m# src/test/resources/features/bta.feature:2&amp#27;[0m
  &amp#27;[32mGiven &amp#27;[0m&amp#27;[32mI open the BTA website&amp#27;[0m                                  &amp#27;[90m# com.example.stepDefinitions.StepDefinitons.i_open_the_bta_website()&amp#27;[0m
  &amp#27;[32mAnd &amp#27;[0m&amp#27;[32mAccept cookies&amp#27;[0m                                            &amp#27;[90m# com.example.stepDefinitions.StepDefinitons.acceptCookies()&amp#27;[0m
  &amp#27;[32mAnd &amp#27;[0m&amp#27;[32mI click to the travel insurance&amp#27;[0m                           &amp#27;[90m# com.example.stepDefinitions.StepDefinitons.iClickToTheTravelInsurance()&amp#27;[0m
  &amp#27;[32mAnd &amp#27;[0m&amp#27;[32mI change the country to India&amp#27;[0m                             &amp#27;[90m# com.example.stepDefinitions.StepDefinitons.iChangeTheCountryToIndia()&amp#27;[0m
  &amp#27;[32mThen &amp#27;[0m&amp#27;[32mI Validate that the travel point was changed&amp#27;[0m             &amp#27;[90m# com.example.stepDefinitions.StepDefinitons.iValidateThatTheTravelPointWasChanged()&amp#27;[0m
  &amp#27;[32mAnd &amp#27;[0m&amp#27;[32mI change the activity&amp#27;[0m                                     &amp#27;[90m# com.example.stepDefinitions.StepDefinitons.iChangeTheActivity()&amp#27;[0m
  &amp#27;[32mThen &amp#27;[0m&amp#27;[32mI validate that activity is Sports&amp#27;[0m                       &amp#27;[90m# com.example.stepDefinitions.StepDefinitons.iValidateThatActivityIsSports()&amp#27;[0m
  &amp#27;[32mAnd &amp#27;[0m&amp#27;[32mI go to the second step&amp#27;[0m                                   &amp#27;[90m# com.example.stepDefinitions.StepDefinitons.iGoToTheSecondStep()&amp#27;[0m
  &amp#27;[32mAnd &amp#27;[0m&amp#27;[32mI check what is covered in Optimal+&amp#27;[0m                       &amp#27;[90m# com.example.stepDefinitions.StepDefinitons.iCheckWhatIsCoveredInOptimal()&amp#27;[0m
  &amp#27;[32mAnd &amp#27;[0m&amp#27;[32mI validate that the form is open&amp#27;[0m                          &amp#27;[90m# com.example.stepDefinitions.StepDefinitons.iValidateThatTheFormIsOpen()&amp#27;[0m
  &amp#27;[32mAnd &amp#27;[0m&amp#27;[32mI close the form and go to the next step&amp#27;[0m                  &amp#27;[90m# com.example.stepDefinitions.StepDefinitons.iCloseTheFormAndGoToTheNextStep()&amp#27;[0m
  &amp#27;[32mThen &amp#27;[0m&amp#27;[32mI validate that the traveler form is displayed and empty&amp#27;[0m &amp#27;[90m# com.example.stepDefinitions.StepDefinitons.iValidateThatTheTravelerFormIsDisplayedAndEmpty()&amp#27;[0m
]]></system-out>
    <system-err><![CDATA[SLF4J: Failed to load class "org.slf4j.impl.StaticLoggerBinder".
SLF4J: Defaulting to no-operation (NOP) logger implementation
SLF4J: See http://www.slf4j.org/codes.html#StaticLoggerBinder for further details.
Starting ChromeDriver 114.0.5735.90 (386bc09e8f4f2e025eddae123f36f6263096ae49-refs/branch-heads/5735@{#1052}) on port 24575
Only local connections are allowed.
Please see https://chromedriver.chromium.org/security-considerations for suggestions on keeping ChromeDriver safe.
ChromeDriver was started successfully.
Jul 25, 2023 11:36:19 PM org.openqa.selenium.remote.ProtocolHandshake createSession
INFO: Detected dialect: W3C
]]></system-err>
  </testcase>
</testsuite>